<?xml version="1.0" encoding="UTF-8"?>
<!-- Generated by org.testng.reporters.JUnitXMLReporter -->
<testsuite hostname="Vincent" ignored="0" name="Chrome" tests="3" failures="0" timestamp="08 Feb 2019 19:22:33 GMT" time="1.877" errors="0">
  <testcase name="selectlogin" time="0.497" classname="com.vince.steps.LogIn"/>
  <testcase name="login" time="0.46" classname="com.vince.steps.LogIn"/>
  <testcase name="makeappointment" time="0.892" classname="com.vince.steps.LogIn"/>
</testsuite> <!-- Chrome -->
