<?xml version="1.0" encoding="UTF-8"?>
<!-- Generated by org.testng.reporters.JUnitXMLReporter -->
<testsuite ignored="0" hostname="Vince" failures="0" tests="3" name="Default test" time="1.916" errors="0" timestamp="08 Feb 2019 01:11:12 GMT">
  <testcase classname="com.vince.steps.LogIn" name="selectlogin" time="0.304"/>
  <testcase classname="com.vince.steps.LogIn" name="login" time="0.335"/>
  <testcase classname="com.vince.steps.LogIn" name="makeappointment" time="1.255"/>
</testsuite> <!-- Default test -->
